# JRE version: Java(TM) SE Runtime Environment (8.0_121-b13) (build 1.8.0_121-b13)
# Java VM: Java HotSpot(TM) 64-Bit Server VM (25.121-b13 mixed mode windows-amd64 compressed oops)
Heap:
 PSYoungGen      total 28160K, used 1885K [0x00000000d5e00000, 0x00000000d7e00000, 0x0000000100000000)
  eden space 27648K, 6% used [0x00000000d5e00000,0x00000000d5f9f510,0x00000000d7900000)
  from space 512K, 43% used [0x00000000d7980000,0x00000000d79b8000,0x00000000d7a00000)
  to   space 2560K, 0% used [0x00000000d7b80000,0x00000000d7b80000,0x00000000d7e00000)
 ParOldGen       total 87552K, used 1342K [0x0000000081a00000, 0x0000000086f80000, 0x00000000d5e00000)
  object space 87552K, 1% used [0x0000000081a00000,0x0000000081b4f940,0x0000000086f80000)
 Metaspace       used 5390K, capacity 5582K, committed 5888K, reserved 1056768K
  class space    used 590K, capacity 668K, committed 768K, reserved 1048576K
GC Heap History (10 events):
Event: 172.618 GC heap before
{Heap before GC invocations=11 (full 0):
 PSYoungGen      total 32256K, used 30464K [0x00000000d5e00000, 0x00000000d8080000, 0x0000000100000000)
  eden space 30208K, 100% used [0x00000000d5e00000,0x00000000d7b80000,0x00000000d7b80000)
  from space 2048K, 12% used [0x00000000d7e80000,0x00000000d7ec0000,0x00000000d8080000)
  to   space 2560K, 0% used [0x00000000d7b80000,0x00000000d7b80000,0x00000000d7e00000)
 ParOldGen       total 87552K, used 1326K [0x0000000081a00000, 0x0000000086f80000, 0x00000000d5e00000)
  object space 87552K, 1% used [0x0000000081a00000,0x0000000081b4b940,0x0000000086f80000)
 Metaspace       used 5387K, capacity 5582K, committed 5888K, reserved 1056768K
  class space    used 590K, capacity 668K, committed 768K, reserved 1048576K
Event: 172.619 GC heap after
Heap after GC invocations=11 (full 0):
 PSYoungGen      total 30208K, used 320K [0x00000000d5e00000, 0x00000000d8000000, 0x0000000100000000)
  eden space 29696K, 0% used [0x00000000d5e00000,0x00000000d5e00000,0x00000000d7b00000)
  from space 512K, 62% used [0x00000000d7b80000,0x00000000d7bd0000,0x00000000d7c00000)
  to   space 2560K, 0% used [0x00000000d7d80000,0x00000000d7d80000,0x00000000d8000000)
 ParOldGen       total 87552K, used 1342K [0x0000000081a00000, 0x0000000086f80000, 0x00000000d5e00000)
  object space 87552K, 1% used [0x0000000081a00000,0x0000000081b4f940,0x0000000086f80000)
 Metaspace       used 5387K, capacity 5582K, committed 5888K, reserved 1056768K
  class space    used 590K, capacity 668K, committed 768K, reserved 1048576K
}
Event: 189.497 GC heap before
{Heap before GC invocations=12 (full 0):
 PSYoungGen      total 30208K, used 30016K [0x00000000d5e00000, 0x00000000d8000000, 0x0000000100000000)
  eden space 29696K, 100% used [0x00000000d5e00000,0x00000000d7b00000,0x00000000d7b00000)
  from space 512K, 62% used [0x00000000d7b80000,0x00000000d7bd0000,0x00000000d7c00000)
  to   space 2560K, 0% used [0x00000000d7d80000,0x00000000d7d80000,0x00000000d8000000)
 ParOldGen       total 87552K, used 1342K [0x0000000081a00000, 0x0000000086f80000, 0x00000000d5e00000)
  object space 87552K, 1% used [0x0000000081a00000,0x0000000081b4f940,0x0000000086f80000)
 Metaspace       used 5389K, capacity 5582K, committed 5888K, reserved 1056768K
  class space    used 590K, capacity 668K, committed 768K, reserved 1048576K
Event: 189.498 GC heap after
Heap after GC invocations=12 (full 0):
 PSYoungGen      total 31232K, used 256K [0x00000000d5e00000, 0x00000000d7f80000, 0x0000000100000000)
  eden space 29184K, 0% used [0x00000000d5e00000,0x00000000d5e00000,0x00000000d7a80000)
  from space 2048K, 12% used [0x00000000d7d80000,0x00000000d7dc0000,0x00000000d7f80000)
  to   space 2560K, 0% used [0x00000000d7a80000,0x00000000d7a80000,0x00000000d7d00000)
 ParOldGen       total 87552K, used 1342K [0x0000000081a00000, 0x0000000086f80000, 0x00000000d5e00000)
  object space 87552K, 1% used [0x0000000081a00000,0x0000000081b4f940,0x0000000086f80000)
 Metaspace       used 5389K, capacity 5582K, committed 5888K, reserved 1056768K
  class space    used 590K, capacity 668K, committed 768K, reserved 1048576K
}
Event: 206.450 GC heap before
{Heap before GC invocations=13 (full 0):
 PSYoungGen      total 31232K, used 29440K [0x00000000d5e00000, 0x00000000d7f80000, 0x0000000100000000)
  eden space 29184K, 100% used [0x00000000d5e00000,0x00000000d7a80000,0x00000000d7a80000)
  from space 2048K, 12% used [0x00000000d7d80000,0x00000000d7dc0000,0x00000000d7f80000)
  to   space 2560K, 0% used [0x00000000d7a80000,0x00000000d7a80000,0x00000000d7d00000)
 ParOldGen       total 87552K, used 1342K [0x0000000081a00000, 0x0000000086f80000, 0x00000000d5e00000)
  object space 87552K, 1% used [0x0000000081a00000,0x0000000081b4f940,0x0000000086f80000)
 Metaspace       used 5389K, capacity 5582K, committed 5888K, reserved 1056768K
  class space    used 590K, capacity 668K, committed 768K, reserved 1048576K
Event: 206.451 GC heap after
Heap after GC invocations=13 (full 0):
 PSYoungGen      total 29184K, used 256K [0x00000000d5e00000, 0x00000000d7f00000, 0x0000000100000000)
  eden space 28672K, 0% used [0x00000000d5e00000,0x00000000d5e00000,0x00000000d7a00000)
  from space 512K, 50% used [0x00000000d7a80000,0x00000000d7ac0000,0x00000000d7b00000)
  to   space 2560K, 0% used [0x00000000d7c80000,0x00000000d7c80000,0x00000000d7f00000)
 ParOldGen       total 87552K, used 1342K [0x0000000081a00000, 0x0000000086f80000, 0x00000000d5e00000)
  object space 87552K, 1% used [0x0000000081a00000,0x0000000081b4f940,0x0000000086f80000)
 Metaspace       used 5389K, capacity 5582K, committed 5888K, reserved 1056768K
  class space    used 590K, capacity 668K, committed 768K, reserved 1048576K
}
Event: 223.920 GC heap before
{Heap before GC invocations=14 (full 0):
 PSYoungGen      total 29184K, used 28928K [0x00000000d5e00000, 0x00000000d7f00000, 0x0000000100000000)
  eden space 28672K, 100% used [0x00000000d5e00000,0x00000000d7a00000,0x00000000d7a00000)
  from space 512K, 50% used [0x00000000d7a80000,0x00000000d7ac0000,0x00000000d7b00000)
  to   space 2560K, 0% used [0x00000000d7c80000,0x00000000d7c80000,0x00000000d7f00000)
 ParOldGen       total 87552K, used 1342K [0x0000000081a00000, 0x0000000086f80000, 0x00000000d5e00000)
  object space 87552K, 1% used [0x0000000081a00000,0x0000000081b4f940,0x0000000086f80000)
 Metaspace       used 5389K, capacity 5582K, committed 5888K, reserved 1056768K
  class space    used 590K, capacity 668K, committed 768K, reserved 1048576K
Event: 223.921 GC heap after
Heap after GC invocations=14 (full 0):
 PSYoungGen      total 30208K, used 224K [0x00000000d5e00000, 0x00000000d7e80000, 0x0000000100000000)
  eden space 28160K, 0% used [0x00000000d5e00000,0x00000000d5e00000,0x00000000d7980000)
  from space 2048K, 10% used [0x00000000d7c80000,0x00000000d7cb8000,0x00000000d7e80000)
  to   space 2560K, 0% used [0x00000000d7980000,0x00000000d7980000,0x00000000d7c00000)
 ParOldGen       total 87552K, used 1342K [0x0000000081a00000, 0x0000000086f80000, 0x00000000d5e00000)
  object space 87552K, 1% used [0x0000000081a00000,0x0000000081b4f940,0x0000000086f80000)
 Metaspace       used 5389K, capacity 5582K, committed 5888K, reserved 1056768K
  class space    used 590K, capacity 668K, committed 768K, reserved 1048576K
}
Event: 241.256 GC heap before
{Heap before GC invocations=15 (full 0):
 PSYoungGen      total 30208K, used 28384K [0x00000000d5e00000, 0x00000000d7e80000, 0x0000000100000000)
  eden space 28160K, 100% used [0x00000000d5e00000,0x00000000d7980000,0x00000000d7980000)
  from space 2048K, 10% used [0x00000000d7c80000,0x00000000d7cb8000,0x00000000d7e80000)
  to   space 2560K, 0% used [0x00000000d7980000,0x00000000d7980000,0x00000000d7c00000)
 ParOldGen       total 87552K, used 1342K [0x0000000081a00000, 0x0000000086f80000, 0x00000000d5e00000)
  object space 87552K, 1% used [0x0000000081a00000,0x0000000081b4f940,0x0000000086f80000)
 Metaspace       used 5390K, capacity 5582K, committed 5888K, reserved 1056768K
  class space    used 590K, capacity 668K, committed 768K, reserved 1048576K
Event: 241.257 GC heap after
Heap after GC invocations=15 (full 0):
 PSYoungGen      total 28160K, used 224K [0x00000000d5e00000, 0x00000000d7e00000, 0x0000000100000000)
  eden space 27648K, 0% used [0x00000000d5e00000,0x00000000d5e00000,0x00000000d7900000)
  from space 512K, 43% used [0x00000000d7980000,0x00000000d79b8000,0x00000000d7a00000)
  to   space 2560K, 0% used [0x00000000d7b80000,0x00000000d7b80000,0x00000000d7e00000)
 ParOldGen       total 87552K, used 1342K [0x0000000081a00000, 0x0000000086f80000, 0x00000000d5e00000)
  object space 87552K, 1% used [0x0000000081a00000,0x0000000081b4f940,0x0000000086f80000)
 Metaspace       used 5390K, capacity 5582K, committed 5888K, reserved 1056768K
  class space    used 590K, capacity 668K, committed 768K, reserved 1048576K
}

