# JRE version: Java(TM) SE Runtime Environment (8.0_121-b13) (build 1.8.0_121-b13)
# Java VM: Java HotSpot(TM) 64-Bit Server VM (25.121-b13 mixed mode windows-amd64 compressed oops)
Heap:
 PSYoungGen      total 28160K, used 24993K [0x00000000d5e00000, 0x00000000d7c80000, 0x0000000100000000)
  eden space 27136K, 90% used [0x00000000d5e00000,0x00000000d75f8410,0x00000000d7880000)
  from space 1024K, 43% used [0x00000000d7b80000,0x00000000d7bf0000,0x00000000d7c80000)
  to   space 2048K, 0% used [0x00000000d7880000,0x00000000d7880000,0x00000000d7a80000)
 ParOldGen       total 87552K, used 1435K [0x0000000081a00000, 0x0000000086f80000, 0x00000000d5e00000)
  object space 87552K, 1% used [0x0000000081a00000,0x0000000081b66ce8,0x0000000086f80000)
 Metaspace       used 4503K, capacity 5130K, committed 5376K, reserved 1056768K
  class space    used 479K, capacity 498K, committed 512K, reserved 1048576K
GC Heap History (10 events):
Event: 245.127 GC heap before
{Heap before GC invocations=12 (full 0):
 PSYoungGen      total 30208K, used 30080K [0x00000000d5e00000, 0x00000000d8000000, 0x0000000100000000)
  eden space 29696K, 100% used [0x00000000d5e00000,0x00000000d7b00000,0x00000000d7b00000)
  from space 512K, 75% used [0x00000000d7b80000,0x00000000d7be0000,0x00000000d7c00000)
  to   space 2560K, 0% used [0x00000000d7d80000,0x00000000d7d80000,0x00000000d8000000)
 ParOldGen       total 87552K, used 1107K [0x0000000081a00000, 0x0000000086f80000, 0x00000000d5e00000)
  object space 87552K, 1% used [0x0000000081a00000,0x0000000081b14ce8,0x0000000086f80000)
 Metaspace       used 4487K, capacity 5130K, committed 5376K, reserved 1056768K
  class space    used 479K, capacity 498K, committed 512K, reserved 1048576K
Event: 245.128 GC heap after
Heap after GC invocations=12 (full 0):
 PSYoungGen      total 31232K, used 448K [0x00000000d5e00000, 0x00000000d7f80000, 0x0000000100000000)
  eden space 29184K, 0% used [0x00000000d5e00000,0x00000000d5e00000,0x00000000d7a80000)
  from space 2048K, 21% used [0x00000000d7d80000,0x00000000d7df0000,0x00000000d7f80000)
  to   space 2560K, 0% used [0x00000000d7a80000,0x00000000d7a80000,0x00000000d7d00000)
 ParOldGen       total 87552K, used 1107K [0x0000000081a00000, 0x0000000086f80000, 0x00000000d5e00000)
  object space 87552K, 1% used [0x0000000081a00000,0x0000000081b14ce8,0x0000000086f80000)
 Metaspace       used 4487K, capacity 5130K, committed 5376K, reserved 1056768K
  class space    used 479K, capacity 498K, committed 512K, reserved 1048576K
}
Event: 267.116 GC heap before
{Heap before GC invocations=13 (full 0):
 PSYoungGen      total 31232K, used 29632K [0x00000000d5e00000, 0x00000000d7f80000, 0x0000000100000000)
  eden space 29184K, 100% used [0x00000000d5e00000,0x00000000d7a80000,0x00000000d7a80000)
  from space 2048K, 21% used [0x00000000d7d80000,0x00000000d7df0000,0x00000000d7f80000)
  to   space 2560K, 0% used [0x00000000d7a80000,0x00000000d7a80000,0x00000000d7d00000)
 ParOldGen       total 87552K, used 1107K [0x0000000081a00000, 0x0000000086f80000, 0x00000000d5e00000)
  object space 87552K, 1% used [0x0000000081a00000,0x0000000081b14ce8,0x0000000086f80000)
 Metaspace       used 4487K, capacity 5130K, committed 5376K, reserved 1056768K
  class space    used 479K, capacity 498K, committed 512K, reserved 1048576K
Event: 267.116 GC heap after
Heap after GC invocations=13 (full 0):
 PSYoungGen      total 29184K, used 448K [0x00000000d5e00000, 0x00000000d7f00000, 0x0000000100000000)
  eden space 28672K, 0% used [0x00000000d5e00000,0x00000000d5e00000,0x00000000d7a00000)
  from space 512K, 87% used [0x00000000d7a80000,0x00000000d7af0000,0x00000000d7b00000)
  to   space 2560K, 0% used [0x00000000d7c80000,0x00000000d7c80000,0x00000000d7f00000)
 ParOldGen       total 87552K, used 1107K [0x0000000081a00000, 0x0000000086f80000, 0x00000000d5e00000)
  object space 87552K, 1% used [0x0000000081a00000,0x0000000081b14ce8,0x0000000086f80000)
 Metaspace       used 4487K, capacity 5130K, committed 5376K, reserved 1056768K
  class space    used 479K, capacity 498K, committed 512K, reserved 1048576K
}
Event: 288.966 GC heap before
{Heap before GC invocations=14 (full 0):
 PSYoungGen      total 29184K, used 29120K [0x00000000d5e00000, 0x00000000d7f00000, 0x0000000100000000)
  eden space 28672K, 100% used [0x00000000d5e00000,0x00000000d7a00000,0x00000000d7a00000)
  from space 512K, 87% used [0x00000000d7a80000,0x00000000d7af0000,0x00000000d7b00000)
  to   space 2560K, 0% used [0x00000000d7c80000,0x00000000d7c80000,0x00000000d7f00000)
 ParOldGen       total 87552K, used 1107K [0x0000000081a00000, 0x0000000086f80000, 0x00000000d5e00000)
  object space 87552K, 1% used [0x0000000081a00000,0x0000000081b14ce8,0x0000000086f80000)
 Metaspace       used 4487K, capacity 5130K, committed 5376K, reserved 1056768K
  class space    used 479K, capacity 498K, committed 512K, reserved 1048576K
Event: 288.967 GC heap after
Heap after GC invocations=14 (full 0):
 PSYoungGen      total 30208K, used 224K [0x00000000d5e00000, 0x00000000d7e80000, 0x0000000100000000)
  eden space 28160K, 0% used [0x00000000d5e00000,0x00000000d5e00000,0x00000000d7980000)
  from space 2048K, 10% used [0x00000000d7c80000,0x00000000d7cb8000,0x00000000d7e80000)
  to   space 2560K, 0% used [0x00000000d7980000,0x00000000d7980000,0x00000000d7c00000)
 ParOldGen       total 87552K, used 1435K [0x0000000081a00000, 0x0000000086f80000, 0x00000000d5e00000)
  object space 87552K, 1% used [0x0000000081a00000,0x0000000081b66ce8,0x0000000086f80000)
 Metaspace       used 4487K, capacity 5130K, committed 5376K, reserved 1056768K
  class space    used 479K, capacity 498K, committed 512K, reserved 1048576K
}
Event: 310.814 GC heap before
{Heap before GC invocations=15 (full 0):
 PSYoungGen      total 30208K, used 28384K [0x00000000d5e00000, 0x00000000d7e80000, 0x0000000100000000)
  eden space 28160K, 100% used [0x00000000d5e00000,0x00000000d7980000,0x00000000d7980000)
  from space 2048K, 10% used [0x00000000d7c80000,0x00000000d7cb8000,0x00000000d7e80000)
  to   space 2560K, 0% used [0x00000000d7980000,0x00000000d7980000,0x00000000d7c00000)
 ParOldGen       total 87552K, used 1435K [0x0000000081a00000, 0x0000000086f80000, 0x00000000d5e00000)
  object space 87552K, 1% used [0x0000000081a00000,0x0000000081b66ce8,0x0000000086f80000)
 Metaspace       used 4490K, capacity 5130K, committed 5376K, reserved 1056768K
  class space    used 479K, capacity 498K, committed 512K, reserved 1048576K
Event: 310.815 GC heap after
Heap after GC invocations=15 (full 0):
 PSYoungGen      total 28160K, used 448K [0x00000000d5e00000, 0x00000000d7e00000, 0x0000000100000000)
  eden space 27648K, 0% used [0x00000000d5e00000,0x00000000d5e00000,0x00000000d7900000)
  from space 512K, 87% used [0x00000000d7980000,0x00000000d79f0000,0x00000000d7a00000)
  to   space 2560K, 0% used [0x00000000d7b80000,0x00000000d7b80000,0x00000000d7e00000)
 ParOldGen       total 87552K, used 1435K [0x0000000081a00000, 0x0000000086f80000, 0x00000000d5e00000)
  object space 87552K, 1% used [0x0000000081a00000,0x0000000081b66ce8,0x0000000086f80000)
 Metaspace       used 4490K, capacity 5130K, committed 5376K, reserved 1056768K
  class space    used 479K, capacity 498K, committed 512K, reserved 1048576K
}
Event: 336.936 GC heap before
{Heap before GC invocations=16 (full 0):
 PSYoungGen      total 28160K, used 28096K [0x00000000d5e00000, 0x00000000d7e00000, 0x0000000100000000)
  eden space 27648K, 100% used [0x00000000d5e00000,0x00000000d7900000,0x00000000d7900000)
  from space 512K, 87% used [0x00000000d7980000,0x00000000d79f0000,0x00000000d7a00000)
  to   space 2560K, 0% used [0x00000000d7b80000,0x00000000d7b80000,0x00000000d7e00000)
 ParOldGen       total 87552K, used 1435K [0x0000000081a00000, 0x0000000086f80000, 0x00000000d5e00000)
  object space 87552K, 1% used [0x0000000081a00000,0x0000000081b66ce8,0x0000000086f80000)
 Metaspace       used 4500K, capacity 5130K, committed 5376K, reserved 1056768K
  class space    used 479K, capacity 498K, committed 512K, reserved 1048576K
Event: 336.937 GC heap after
Heap after GC invocations=16 (full 0):
 PSYoungGen      total 28160K, used 448K [0x00000000d5e00000, 0x00000000d7c80000, 0x0000000100000000)
  eden space 27136K, 0% used [0x00000000d5e00000,0x00000000d5e00000,0x00000000d7880000)
  from space 1024K, 43% used [0x00000000d7b80000,0x00000000d7bf0000,0x00000000d7c80000)
  to   space 2048K, 0% used [0x00000000d7880000,0x00000000d7880000,0x00000000d7a80000)
 ParOldGen       total 87552K, used 1435K [0x0000000081a00000, 0x0000000086f80000, 0x00000000d5e00000)
  object space 87552K, 1% used [0x0000000081a00000,0x0000000081b66ce8,0x0000000086f80000)
 Metaspace       used 4500K, capacity 5130K, committed 5376K, reserved 1056768K
  class space    used 479K, capacity 498K, committed 512K, reserved 1048576K
}

